<?xml version="1.0" encoding="UTF-8"?>
<testng-results ignored="0" total="1" passed="1" failed="0" skipped="0">
  <reporter-output>
  </reporter-output>
  <suite started-at="2023-09-04T12:59:37 IST" name="Suite" finished-at="2023-09-04T12:59:54 IST" duration-ms="16885">
    <groups>
    </groups>
    <test started-at="2023-09-04T12:59:37 IST" name="Test" finished-at="2023-09-04T12:59:54 IST" duration-ms="16885">
      <class name="org.sap.tests.GuruNewCustomerTest">
        <test-method is-config="true" signature="setUp([Ljava.lang.Object;)[pri:0, instance:org.sap.tests.GuruNewCustomerTest@30c15d8b]" started-at="2023-09-04T12:59:39 IST" name="setUp" finished-at="2023-09-04T12:59:45 IST" duration-ms="6141" status="PASS">
          <params>
            <param index="0">
              <value>
                <![CDATA[[Ljava.lang.Object;@2788d0fe]]>
              </value>
            </param>
          </params>
          <reporter-output>
          </reporter-output>
        </test-method> <!-- setUp -->
        <test-method signature="AddNewCustomer(java.util.Map)[pri:0, instance:org.sap.tests.GuruNewCustomerTest@30c15d8b]" started-at="2023-09-04T12:59:45 IST" name="AddNewCustomer" description="Add New Customer Details" data-provider="getData" finished-at="2023-09-04T12:59:54 IST" duration-ms="8381" status="PASS">
          <params>
            <param index="0">
              <value>
                <![CDATA[{EmailId=123@gmail.com, gender=Female, Address=Marathahalli, City=Banglore, testname=AddNewCustomer, execute=yes, passowrd=AjebytE, PinNum=534001, TelephoneNum=9876543210, DOB=05052000, State=Karnataka, browser=chrome, CustomerName=Devi, items=, faname=Devi, username=mngr525014}]]>
              </value>
            </param>
          </params>
          <reporter-output>
          </reporter-output>
        </test-method> <!-- AddNewCustomer -->
        <test-method is-config="true" signature="tearDown()[pri:0, instance:org.sap.tests.GuruNewCustomerTest@30c15d8b]" started-at="2023-09-04T12:59:54 IST" name="tearDown" finished-at="2023-09-04T12:59:54 IST" duration-ms="624" status="PASS">
          <reporter-output>
          </reporter-output>
        </test-method> <!-- tearDown -->
      </class> <!-- org.sap.tests.GuruNewCustomerTest -->
    </test> <!-- Test -->
  </suite> <!-- Suite -->
</testng-results>
