<?xml version="1.0" encoding="UTF-8"?>
<!-- Generated by org.testng.reporters.JUnitXMLReporter -->
<testsuite ignored="2" hostname="DESKTOP-B0J7BCE" failures="0" tests="0" name="Test" time="1.408" errors="0" timestamp="2023-08-31T16:33:44 IST">
  <testcase classname="org.sap.tests.OrangeHrmTests" name="test1" time="0.0">
    <ignored/>
  </testcase> <!-- test1 -->
  <testcase classname="org.sap.tests.AmazonDemoTest" name="m1" time="0.0">
    <ignored/>
  </testcase> <!-- m1 -->
</testsuite> <!-- Test -->
