<?xml version="1.0" encoding="UTF-8"?>
<!-- Generated by org.testng.reporters.JUnitXMLReporter -->
<testsuite ignored="2" hostname="MoreVasanthKumar" failures="0" tests="2" name="Test" time="26.508" errors="0" timestamp="2023-08-30T18:19:33 IST">
  <testcase classname="org.sap.tests.GuruLoginTest" name="loginValidCredentials" time="3.267"/>
  <testcase classname="org.sap.tests.GuruLoginTest" name="loginValidCredentials" time="2.624"/>
  <testcase classname="org.sap.tests.OrangeHrmTests" name="test1" time="0.0">
    <ignored/>
  </testcase> <!-- test1 -->
  <testcase classname="org.sap.tests.AmazonDemoTest" name="m1" time="0.0">
    <ignored/>
  </testcase> <!-- m1 -->
</testsuite> <!-- Test -->
